<?xml version="1.0" encoding="UTF-8"?>
<!-- Generated by org.testng.reporters.JUnitReportReporter -->
<testsuite hostname="kshitiz_gupta" failures="0" tests="4" name="api.tests.UserTests" time="5.799" errors="0" timestamp="2024-08-24T19:16:16 IST" skipped="0">
  <testcase classname="api.tests.UserTests" name="testPostUser" time="1.168"/>
  <testcase classname="api.tests.UserTests" name="testGetUserByName" time="2.247"/>
  <testcase classname="api.tests.UserTests" name="testUpdateUser" time="1.219"/>
  <testcase classname="api.tests.UserTests" name="testdeleteUserByName" time="1.165"/>
</testsuite> <!-- api.tests.UserTests -->
