<?xml version="1.0" encoding="UTF-8"?>
<!-- Generated by org.testng.reporters.JUnitReportReporter -->
<testsuite hostname="kshitiz_gupta" failures="0" tests="9" name="api.tests.DPUserTests" time="12.600" errors="0" timestamp="2024-08-24T19:18:51 IST" skipped="0">
  <testcase classname="api.tests.DPUserTests" name="testPostUser" time="1.184"/>
  <testcase classname="api.tests.DPUserTests" name="testPostUser" time="3.034"/>
  <testcase classname="api.tests.DPUserTests" name="testPostUser" time="1.240"/>
  <testcase classname="api.tests.DPUserTests" name="testGetUserByName" time="1.220"/>
  <testcase classname="api.tests.DPUserTests" name="testGetUserByName" time="1.226"/>
  <testcase classname="api.tests.DPUserTests" name="testGetUserByName" time="1.190"/>
  <testcase classname="api.tests.DPUserTests" name="testdeleteUserByName" time="1.193"/>
  <testcase classname="api.tests.DPUserTests" name="testdeleteUserByName" time="1.200"/>
  <testcase classname="api.tests.DPUserTests" name="testdeleteUserByName" time="1.113"/>
</testsuite> <!-- api.tests.DPUserTests -->
